<?xml version="1.0" encoding="UTF-8"?>
<!-- Generated by org.testng.reporters.JUnitReportReporter -->
<testsuite hostname="LAPTOP-QD4098HC" failures="0" tests="2" name="Newproject.firstprogram" time="30.246" errors="0" timestamp="2020-08-04T23:22:59 IST" skipped="0">
  <testcase classname="Newproject.firstprogram" name="login" time="15.530"/>
  <system-out/>
  <testcase classname="Newproject.firstprogram" name="login" time="14.716"/>
  <system-out/>
</testsuite> <!-- Newproject.firstprogram -->
