<?xml version="1.0" encoding="UTF-8"?>
<!-- Generated by org.testng.reporters.JUnitReportReporter -->
<testsuite hostname="LAPTOP-QD4098HC" failures="0" tests="1" name="Newproject.Verifynavigation" time="0.463" errors="0" timestamp="2020-08-14T12:29:29 IST" skipped="0">
  <testcase classname="Newproject.Verifynavigation" name="validateNavigation" time="0.463"/>
  <system-out/>
</testsuite> <!-- Newproject.Verifynavigation -->
