<?xml version="1.0" encoding="UTF-8"?>
<!-- Generated by org.testng.reporters.JUnitReportReporter -->
<testsuite hostname="LAPTOP-QD4098HC" failures="0" tests="2" name="Newproject.firstprogram" time="54.981" errors="0" timestamp="2020-08-09T21:50:10 IST" skipped="0">
  <testcase classname="Newproject.firstprogram" name="login" time="34.217"/>
  <system-out/>
  <testcase classname="Newproject.firstprogram" name="login" time="20.764"/>
  <system-out/>
</testsuite> <!-- Newproject.firstprogram -->
