<?xml version="1.0" encoding="UTF-8"?>
<!-- Generated by org.testng.reporters.JUnitReportReporter -->
<testsuite hostname="LAPTOP-QD4098HC" failures="0" tests="1" name="Newproject.VerifyTitle" time="0.138" errors="0" timestamp="2020-08-09T22:52:47 IST" skipped="0">
  <testcase classname="Newproject.VerifyTitle" name="login" time="0.138"/>
  <system-out/>
</testsuite> <!-- Newproject.VerifyTitle -->
